{"/Users/nem/code/thirdparties/gulp-sourcemaps/index.js":{"path":"/Users/nem/code/thirdparties/gulp-sourcemaps/index.js","s":{"1":1},"b":{},"f":{},"fnMap":{},"statementMap":{"1":{"start":{"line":3,"column":0},"end":{"line":8,"column":2}}},"branchMap":{}},"/Users/nem/code/thirdparties/gulp-sourcemaps/src/init/index.js":{"path":"/Users/nem/code/thirdparties/gulp-sourcemaps/src/init/index.js","s":{"1":1,"2":1,"3":1,"4":1,"5":1,"6":1,"7":1,"8":1,"9":1,"10":35,"11":1,"12":44,"13":2,"14":2,"15":42,"16":1,"17":41,"18":11,"19":41,"20":41,"21":41,"22":41,"23":41,"24":41,"25":21,"26":21,"27":21,"28":21,"29":41,"30":2,"31":2,"32":2,"33":2,"34":2,"35":2,"36":2,"37":2,"38":1,"39":1,"40":16,"41":16,"42":1,"43":15,"44":15,"45":3,"46":15,"47":1,"48":1,"49":1,"50":1,"51":1,"52":1,"53":1,"54":1,"55":6,"56":3,"57":1,"58":21,"59":21,"60":21,"61":21,"62":6,"63":21,"64":21,"65":18,"66":1,"67":17,"68":4,"69":4,"70":4,"71":4,"72":1,"73":1,"74":1,"75":41,"76":21,"77":20,"78":17,"79":41,"80":41,"81":41,"82":41,"83":35,"84":1},"b":{"1":[2,42],"2":[44,43],"3":[1,41],"4":[11,30],"5":[21,20],"6":[2,39],"7":[41,23],"8":[1,1],"9":[1,15],"10":[3,12],"11":[1,0],"12":[3,3],"13":[18,3],"14":[1,17],"15":[4,13],"16":[21,20],"17":[17,3],"18":[20,20]},"f":{"1":35,"2":44,"3":41,"4":2,"5":2,"6":1,"7":6,"8":21,"9":21,"10":21,"11":4},"fnMap":{"1":{"name":"init","line":14,"loc":{"start":{"line":14,"column":0},"end":{"line":14,"column":23}}},"2":{"name":"sourceMapInit","line":17,"loc":{"start":{"line":17,"column":2},"end":{"line":17,"column":51}}},"3":{"name":"(anonymous_3)","line":33,"loc":{"start":{"line":33,"column":10},"end":{"line":33,"column":21}}},"4":{"name":"(anonymous_4)","line":49,"loc":{"start":{"line":49,"column":12},"end":{"line":49,"column":23}}},"5":{"name":"(anonymous_5)","line":50,"loc":{"start":{"line":50,"column":12},"end":{"line":50,"column":23}}},"6":{"name":"(anonymous_6)","line":79,"loc":{"start":{"line":79,"column":14},"end":{"line":79,"column":25}}},"7":{"name":"(anonymous_7)","line":82,"loc":{"start":{"line":82,"column":29},"end":{"line":82,"column":43}}},"8":{"name":"logAst","line":87,"loc":{"start":{"line":87,"column":10},"end":{"line":87,"column":36}}},"9":{"name":"(anonymous_9)","line":88,"loc":{"start":{"line":88,"column":18},"end":{"line":88,"column":29}}},"10":{"name":"(anonymous_10)","line":91,"loc":{"start":{"line":91,"column":18},"end":{"line":91,"column":29}}},"11":{"name":"(anonymous_11)","line":102,"loc":{"start":{"line":102,"column":22},"end":{"line":102,"column":33}}}},"statementMap":{"1":{"start":{"line":2,"column":0},"end":{"line":2,"column":32}},"2":{"start":{"line":3,"column":0},"end":{"line":3,"column":40}},"3":{"start":{"line":4,"column":0},"end":{"line":4,"column":34}},"4":{"start":{"line":5,"column":0},"end":{"line":5,"column":27}},"5":{"start":{"line":6,"column":0},"end":{"line":6,"column":29}},"6":{"start":{"line":7,"column":0},"end":{"line":7,"column":66}},"7":{"start":{"line":8,"column":0},"end":{"line":8,"column":25}},"8":{"start":{"line":9,"column":0},"end":{"line":9,"column":49}},"9":{"start":{"line":14,"column":0},"end":{"line":139,"column":1}},"10":{"start":{"line":15,"column":2},"end":{"line":15,"column":48}},"11":{"start":{"line":17,"column":2},"end":{"line":136,"column":3}},"12":{"start":{"line":21,"column":4},"end":{"line":24,"column":5}},"13":{"start":{"line":22,"column":6},"end":{"line":22,"column":22}},"14":{"start":{"line":23,"column":6},"end":{"line":23,"column":24}},"15":{"start":{"line":26,"column":4},"end":{"line":28,"column":5}},"16":{"start":{"line":27,"column":6},"end":{"line":27,"column":87}},"17":{"start":{"line":30,"column":4},"end":{"line":32,"column":5}},"18":{"start":{"line":31,"column":6},"end":{"line":31,"column":19}},"19":{"start":{"line":33,"column":4},"end":{"line":35,"column":7}},"20":{"start":{"line":34,"column":6},"end":{"line":34,"column":21}},"21":{"start":{"line":37,"column":4},"end":{"line":37,"column":47}},"22":{"start":{"line":38,"column":4},"end":{"line":38,"column":38}},"23":{"start":{"line":39,"column":4},"end":{"line":39,"column":62}},"24":{"start":{"line":41,"column":4},"end":{"line":46,"column":5}},"25":{"start":{"line":42,"column":6},"end":{"line":42,"column":40}},"26":{"start":{"line":43,"column":6},"end":{"line":43,"column":29}},"27":{"start":{"line":44,"column":6},"end":{"line":44,"column":35}},"28":{"start":{"line":45,"column":6},"end":{"line":45,"column":53}},"29":{"start":{"line":48,"column":4},"end":{"line":116,"column":5}},"30":{"start":{"line":49,"column":6},"end":{"line":49,"column":119}},"31":{"start":{"line":49,"column":25},"end":{"line":49,"column":115}},"32":{"start":{"line":50,"column":6},"end":{"line":52,"column":9}},"33":{"start":{"line":51,"column":8},"end":{"line":51,"column":29}},"34":{"start":{"line":53,"column":6},"end":{"line":53,"column":45}},"35":{"start":{"line":54,"column":6},"end":{"line":54,"column":48}},"36":{"start":{"line":55,"column":6},"end":{"line":55,"column":61}},"37":{"start":{"line":57,"column":6},"end":{"line":115,"column":7}},"38":{"start":{"line":58,"column":8},"end":{"line":58,"column":72}},"39":{"start":{"line":59,"column":8},"end":{"line":72,"column":9}},"40":{"start":{"line":60,"column":10},"end":{"line":60,"column":43}},"41":{"start":{"line":61,"column":10},"end":{"line":62,"column":18}},"42":{"start":{"line":62,"column":12},"end":{"line":62,"column":18}},"43":{"start":{"line":63,"column":10},"end":{"line":67,"column":12}},"44":{"start":{"line":68,"column":10},"end":{"line":70,"column":11}},"45":{"start":{"line":69,"column":12},"end":{"line":69,"column":39}},"46":{"start":{"line":71,"column":10},"end":{"line":71,"column":40}},"47":{"start":{"line":73,"column":8},"end":{"line":73,"column":56}},"48":{"start":{"line":74,"column":8},"end":{"line":74,"column":39}},"49":{"start":{"line":76,"column":13},"end":{"line":115,"column":7}},"50":{"start":{"line":77,"column":8},"end":{"line":77,"column":21}},"51":{"start":{"line":78,"column":8},"end":{"line":78,"column":57}},"52":{"start":{"line":79,"column":8},"end":{"line":81,"column":11}},"53":{"start":{"line":80,"column":10},"end":{"line":80,"column":21}},"54":{"start":{"line":82,"column":8},"end":{"line":111,"column":10}},"55":{"start":{"line":83,"column":10},"end":{"line":85,"column":11}},"56":{"start":{"line":84,"column":12},"end":{"line":84,"column":112}},"57":{"start":{"line":87,"column":10},"end":{"line":94,"column":11}},"58":{"start":{"line":88,"column":12},"end":{"line":90,"column":15}},"59":{"start":{"line":89,"column":14},"end":{"line":89,"column":35}},"60":{"start":{"line":91,"column":12},"end":{"line":93,"column":15}},"61":{"start":{"line":92,"column":14},"end":{"line":92,"column":30}},"62":{"start":{"line":96,"column":10},"end":{"line":110,"column":11}},"63":{"start":{"line":97,"column":12},"end":{"line":97,"column":29}},"64":{"start":{"line":98,"column":12},"end":{"line":109,"column":13}},"65":{"start":{"line":99,"column":14},"end":{"line":108,"column":15}},"66":{"start":{"line":100,"column":16},"end":{"line":100,"column":41}},"67":{"start":{"line":101,"column":21},"end":{"line":108,"column":15}},"68":{"start":{"line":102,"column":16},"end":{"line":104,"column":19}},"69":{"start":{"line":103,"column":18},"end":{"line":103,"column":54}},"70":{"start":{"line":105,"column":16},"end":{"line":107,"column":17}},"71":{"start":{"line":106,"column":18},"end":{"line":106,"column":46}},"72":{"start":{"line":112,"column":8},"end":{"line":112,"column":28}},"73":{"start":{"line":113,"column":8},"end":{"line":113,"column":56}},"74":{"start":{"line":114,"column":8},"end":{"line":114,"column":39}},"75":{"start":{"line":118,"column":4},"end":{"line":129,"column":56}},"76":{"start":{"line":120,"column":6},"end":{"line":126,"column":8}},"77":{"start":{"line":128,"column":9},"end":{"line":129,"column":56}},"78":{"start":{"line":129,"column":6},"end":{"line":129,"column":56}},"79":{"start":{"line":131,"column":4},"end":{"line":131,"column":50}},"80":{"start":{"line":132,"column":4},"end":{"line":132,"column":31}},"81":{"start":{"line":134,"column":4},"end":{"line":134,"column":20}},"82":{"start":{"line":135,"column":4},"end":{"line":135,"column":15}},"83":{"start":{"line":138,"column":2},"end":{"line":138,"column":36}},"84":{"start":{"line":141,"column":0},"end":{"line":141,"column":22}}},"branchMap":{"1":{"line":21,"type":"if","locations":[{"start":{"line":21,"column":4},"end":{"line":21,"column":4}},{"start":{"line":21,"column":4},"end":{"line":21,"column":4}}]},"2":{"line":21,"type":"binary-expr","locations":[{"start":{"line":21,"column":8},"end":{"line":21,"column":21}},{"start":{"line":21,"column":25},"end":{"line":21,"column":39}}]},"3":{"line":26,"type":"if","locations":[{"start":{"line":26,"column":4},"end":{"line":26,"column":4}},{"start":{"line":26,"column":4},"end":{"line":26,"column":4}}]},"4":{"line":30,"type":"if","locations":[{"start":{"line":30,"column":4},"end":{"line":30,"column":4}},{"start":{"line":30,"column":4},"end":{"line":30,"column":4}}]},"5":{"line":41,"type":"if","locations":[{"start":{"line":41,"column":4},"end":{"line":41,"column":4}},{"start":{"line":41,"column":4},"end":{"line":41,"column":4}}]},"6":{"line":48,"type":"if","locations":[{"start":{"line":48,"column":4},"end":{"line":48,"column":4}},{"start":{"line":48,"column":4},"end":{"line":48,"column":4}}]},"7":{"line":48,"type":"binary-expr","locations":[{"start":{"line":48,"column":8},"end":{"line":48,"column":18}},{"start":{"line":48,"column":22},"end":{"line":48,"column":41}}]},"8":{"line":57,"type":"if","locations":[{"start":{"line":57,"column":6},"end":{"line":57,"column":6}},{"start":{"line":57,"column":6},"end":{"line":57,"column":6}}]},"9":{"line":61,"type":"if","locations":[{"start":{"line":61,"column":10},"end":{"line":61,"column":10}},{"start":{"line":61,"column":10},"end":{"line":61,"column":10}}]},"10":{"line":68,"type":"if","locations":[{"start":{"line":68,"column":10},"end":{"line":68,"column":10}},{"start":{"line":68,"column":10},"end":{"line":68,"column":10}}]},"11":{"line":76,"type":"if","locations":[{"start":{"line":76,"column":13},"end":{"line":76,"column":13}},{"start":{"line":76,"column":13},"end":{"line":76,"column":13}}]},"12":{"line":83,"type":"if","locations":[{"start":{"line":83,"column":10},"end":{"line":83,"column":10}},{"start":{"line":83,"column":10},"end":{"line":83,"column":10}}]},"13":{"line":98,"type":"if","locations":[{"start":{"line":98,"column":12},"end":{"line":98,"column":12}},{"start":{"line":98,"column":12},"end":{"line":98,"column":12}}]},"14":{"line":99,"type":"if","locations":[{"start":{"line":99,"column":14},"end":{"line":99,"column":14}},{"start":{"line":99,"column":14},"end":{"line":99,"column":14}}]},"15":{"line":101,"type":"if","locations":[{"start":{"line":101,"column":21},"end":{"line":101,"column":21}},{"start":{"line":101,"column":21},"end":{"line":101,"column":21}}]},"16":{"line":118,"type":"if","locations":[{"start":{"line":118,"column":4},"end":{"line":118,"column":4}},{"start":{"line":118,"column":4},"end":{"line":118,"column":4}}]},"17":{"line":128,"type":"if","locations":[{"start":{"line":128,"column":9},"end":{"line":128,"column":9}},{"start":{"line":128,"column":9},"end":{"line":128,"column":9}}]},"18":{"line":128,"type":"binary-expr","locations":[{"start":{"line":128,"column":12},"end":{"line":128,"column":39}},{"start":{"line":128,"column":43},"end":{"line":128,"column":84}}]}}},"/Users/nem/code/thirdparties/gulp-sourcemaps/src/utils.js":{"path":"/Users/nem/code/thirdparties/gulp-sourcemaps/src/utils.js","s":{"1":1,"2":1,"3":306,"4":1,"5":1,"6":1,"7":1,"8":37,"9":1,"10":3,"11":43,"12":1,"13":1,"14":46,"15":46,"16":46,"17":2,"18":2,"19":2,"20":44,"21":46,"22":46,"23":46,"24":1,"25":22,"26":15,"27":15,"28":15,"29":1,"30":5,"31":1},"b":{"1":[46,0],"2":[2,44],"3":[2,0],"4":[44,1],"5":[15,7],"6":[5,1]},"f":{"1":306,"2":37,"3":3,"4":43,"5":1,"6":46,"7":2,"8":46,"9":22,"10":15,"11":5},"fnMap":{"1":{"name":"unixStylePath","line":5,"loc":{"start":{"line":5,"column":0},"end":{"line":5,"column":33}}},"2":{"name":"(anonymous_2)","line":20,"loc":{"start":{"line":20,"column":24},"end":{"line":20,"column":34}}},"3":{"name":"cssCommentFormatter","line":23,"loc":{"start":{"line":23,"column":7},"end":{"line":23,"column":59}}},"4":{"name":"jsCommentFormatter","line":26,"loc":{"start":{"line":26,"column":6},"end":{"line":26,"column":57}}},"5":{"name":"defaultFormatter","line":29,"loc":{"start":{"line":29,"column":13},"end":{"line":29,"column":41}}},"6":{"name":"(anonymous_6)","line":35,"loc":{"start":{"line":35,"column":26},"end":{"line":35,"column":42}}},"7":{"name":"(anonymous_7)","line":44,"loc":{"start":{"line":44,"column":10},"end":{"line":44,"column":22}}},"8":{"name":"(anonymous_8)","line":51,"loc":{"start":{"line":51,"column":8},"end":{"line":51,"column":20}}},"9":{"name":"(anonymous_9)","line":57,"loc":{"start":{"line":57,"column":27},"end":{"line":57,"column":48}}},"10":{"name":"(anonymous_10)","line":59,"loc":{"start":{"line":59,"column":10},"end":{"line":59,"column":21}}},"11":{"name":"(anonymous_11)","line":64,"loc":{"start":{"line":64,"column":24},"end":{"line":64,"column":45}}}},"statementMap":{"1":{"start":{"line":2,"column":0},"end":{"line":3,"column":44}},"2":{"start":{"line":5,"column":0},"end":{"line":7,"column":1}},"3":{"start":{"line":6,"column":2},"end":{"line":6,"column":44}},"4":{"start":{"line":9,"column":0},"end":{"line":9,"column":50}},"5":{"start":{"line":11,"column":0},"end":{"line":11,"column":49}},"6":{"start":{"line":13,"column":0},"end":{"line":13,"column":46}},"7":{"start":{"line":20,"column":0},"end":{"line":20,"column":76}},"8":{"start":{"line":20,"column":36},"end":{"line":20,"column":74}},"9":{"start":{"line":22,"column":0},"end":{"line":32,"column":1}},"10":{"start":{"line":24,"column":4},"end":{"line":24,"column":69}},"11":{"start":{"line":27,"column":4},"end":{"line":27,"column":61}},"12":{"start":{"line":30,"column":4},"end":{"line":30,"column":14}},"13":{"start":{"line":35,"column":0},"end":{"line":55,"column":2}},"14":{"start":{"line":36,"column":2},"end":{"line":38,"column":57}},"15":{"start":{"line":40,"column":2},"end":{"line":40,"column":51}},"16":{"start":{"line":42,"column":2},"end":{"line":49,"column":3}},"17":{"start":{"line":43,"column":4},"end":{"line":43,"column":102}},"18":{"start":{"line":44,"column":4},"end":{"line":46,"column":7}},"19":{"start":{"line":45,"column":6},"end":{"line":45,"column":76}},"20":{"start":{"line":48,"column":4},"end":{"line":48,"column":108}},"21":{"start":{"line":51,"column":2},"end":{"line":53,"column":5}},"22":{"start":{"line":52,"column":4},"end":{"line":52,"column":55}},"23":{"start":{"line":54,"column":2},"end":{"line":54,"column":26}},"24":{"start":{"line":57,"column":0},"end":{"line":62,"column":2}},"25":{"start":{"line":58,"column":2},"end":{"line":61,"column":3}},"26":{"start":{"line":59,"column":4},"end":{"line":59,"column":52}},"27":{"start":{"line":59,"column":23},"end":{"line":59,"column":48}},"28":{"start":{"line":60,"column":4},"end":{"line":60,"column":53}},"29":{"start":{"line":64,"column":0},"end":{"line":66,"column":2}},"30":{"start":{"line":65,"column":2},"end":{"line":65,"column":33}},"31":{"start":{"line":68,"column":0},"end":{"line":76,"column":2}}},"branchMap":{"1":{"line":38,"type":"binary-expr","locations":[{"start":{"line":38,"column":37},"end":{"line":38,"column":49}},{"start":{"line":38,"column":53},"end":{"line":38,"column":55}}]},"2":{"line":42,"type":"if","locations":[{"start":{"line":42,"column":2},"end":{"line":42,"column":2}},{"start":{"line":42,"column":2},"end":{"line":42,"column":2}}]},"3":{"line":43,"type":"binary-expr","locations":[{"start":{"line":43,"column":24},"end":{"line":43,"column":52}},{"start":{"line":43,"column":56},"end":{"line":43,"column":72}}]},"4":{"line":48,"type":"binary-expr","locations":[{"start":{"line":48,"column":24},"end":{"line":48,"column":52}},{"start":{"line":48,"column":56},"end":{"line":48,"column":72}}]},"5":{"line":58,"type":"if","locations":[{"start":{"line":58,"column":2},"end":{"line":58,"column":2}},{"start":{"line":58,"column":2},"end":{"line":58,"column":2}}]},"6":{"line":65,"type":"binary-expr","locations":[{"start":{"line":65,"column":9},"end":{"line":65,"column":26}},{"start":{"line":65,"column":30},"end":{"line":65,"column":32}}]}}},"/Users/nem/code/thirdparties/gulp-sourcemaps/src/debug.js":{"path":"/Users/nem/code/thirdparties/gulp-sourcemaps/src/debug.js","s":{"1":1},"b":{},"f":{},"fnMap":{},"statementMap":{"1":{"start":{"line":1,"column":0},"end":{"line":1,"column":86}}},"branchMap":{}},"/Users/nem/code/thirdparties/gulp-sourcemaps/src/init/index.internals.js":{"path":"/Users/nem/code/thirdparties/gulp-sourcemaps/src/init/index.internals.js","s":{"1":1,"2":1,"3":1,"4":1,"5":1,"6":1,"7":1,"8":1,"9":1,"10":1,"11":1,"12":21,"13":21,"14":21,"15":16,"16":21,"17":21,"18":1,"19":21,"20":21,"21":18,"22":18,"23":24,"24":1,"25":1,"26":23,"27":23,"28":23,"29":11,"30":11,"31":5,"32":1,"33":1,"34":4,"35":10,"36":6,"37":4,"38":4,"39":4,"40":4,"41":2,"42":2,"43":10,"44":18,"45":1,"46":21,"47":21,"48":21,"49":21,"50":16,"51":5,"52":5,"53":5,"54":5,"55":5,"56":1,"57":16,"58":16,"59":16,"60":16,"61":13,"62":13,"63":13,"64":3,"65":16,"66":16,"67":16,"68":3,"69":3,"70":41},"b":{"1":[16,5],"2":[18,3],"3":[18,7],"4":[1,23],"5":[1,1],"6":[11,12],"7":[5,6],"8":[1,4],"9":[6,4],"10":[16,5],"11":[5,0],"12":[13,3],"13":[13,4]},"f":{"1":41,"2":21,"3":21,"4":24,"5":4,"6":2,"7":21,"8":16,"9":3},"fnMap":{"1":{"name":"(anonymous_1)","line":13,"loc":{"start":{"line":13,"column":17},"end":{"line":13,"column":54}}},"2":{"name":"loadMaps","line":15,"loc":{"start":{"line":15,"column":2},"end":{"line":15,"column":22}}},"3":{"name":"_fixSources","line":33,"loc":{"start":{"line":33,"column":2},"end":{"line":33,"column":32}}},"4":{"name":"(anonymous_4)","line":39,"loc":{"start":{"line":39,"column":34},"end":{"line":39,"column":54}}},"5":{"name":"(anonymous_5)","line":62,"loc":{"start":{"line":62,"column":20},"end":{"line":62,"column":31}}},"6":{"name":"(anonymous_6)","line":65,"loc":{"start":{"line":65,"column":20},"end":{"line":65,"column":31}}},"7":{"name":"_getInlineSources","line":78,"loc":{"start":{"line":78,"column":2},"end":{"line":78,"column":38}}},"8":{"name":"_getFileSources","line":97,"loc":{"start":{"line":97,"column":2},"end":{"line":97,"column":36}}},"9":{"name":"(anonymous_9)","line":119,"loc":{"start":{"line":119,"column":12},"end":{"line":119,"column":23}}}},"statementMap":{"1":{"start":{"line":3,"column":0},"end":{"line":3,"column":32}},"2":{"start":{"line":4,"column":0},"end":{"line":4,"column":36}},"3":{"start":{"line":5,"column":0},"end":{"line":5,"column":44}},"4":{"start":{"line":6,"column":0},"end":{"line":6,"column":43}},"5":{"start":{"line":7,"column":0},"end":{"line":7,"column":30}},"6":{"start":{"line":8,"column":0},"end":{"line":8,"column":32}},"7":{"start":{"line":9,"column":0},"end":{"line":9,"column":27}},"8":{"start":{"line":10,"column":0},"end":{"line":10,"column":40}},"9":{"start":{"line":11,"column":0},"end":{"line":11,"column":48}},"10":{"start":{"line":13,"column":0},"end":{"line":128,"column":2}},"11":{"start":{"line":15,"column":2},"end":{"line":31,"column":3}},"12":{"start":{"line":17,"column":4},"end":{"line":22,"column":6}},"13":{"start":{"line":24,"column":4},"end":{"line":24,"column":31}},"14":{"start":{"line":25,"column":4},"end":{"line":26,"column":31}},"15":{"start":{"line":26,"column":6},"end":{"line":26,"column":31}},"16":{"start":{"line":28,"column":4},"end":{"line":28,"column":25}},"17":{"start":{"line":30,"column":4},"end":{"line":30,"column":19}},"18":{"start":{"line":33,"column":2},"end":{"line":76,"column":3}},"19":{"start":{"line":34,"column":4},"end":{"line":34,"column":71}},"20":{"start":{"line":37,"column":4},"end":{"line":74,"column":5}},"21":{"start":{"line":38,"column":6},"end":{"line":38,"column":68}},"22":{"start":{"line":39,"column":6},"end":{"line":71,"column":9}},"23":{"start":{"line":40,"column":8},"end":{"line":43,"column":9}},"24":{"start":{"line":41,"column":10},"end":{"line":41,"column":80}},"25":{"start":{"line":42,"column":10},"end":{"line":42,"column":17}},"26":{"start":{"line":44,"column":8},"end":{"line":44,"column":57}},"27":{"start":{"line":45,"column":8},"end":{"line":45,"column":82}},"28":{"start":{"line":47,"column":8},"end":{"line":69,"column":9}},"29":{"start":{"line":48,"column":10},"end":{"line":48,"column":35}},"30":{"start":{"line":49,"column":10},"end":{"line":55,"column":11}},"31":{"start":{"line":50,"column":12},"end":{"line":53,"column":13}},"32":{"start":{"line":51,"column":14},"end":{"line":51,"column":51}},"33":{"start":{"line":52,"column":14},"end":{"line":52,"column":21}},"34":{"start":{"line":54,"column":12},"end":{"line":54,"column":81}},"35":{"start":{"line":58,"column":10},"end":{"line":67,"column":11}},"36":{"start":{"line":59,"column":12},"end":{"line":59,"column":44}},"37":{"start":{"line":61,"column":12},"end":{"line":66,"column":13}},"38":{"start":{"line":62,"column":14},"end":{"line":62,"column":105}},"39":{"start":{"line":62,"column":33},"end":{"line":62,"column":101}},"40":{"start":{"line":63,"column":14},"end":{"line":63,"column":73}},"41":{"start":{"line":65,"column":14},"end":{"line":65,"column":86}},"42":{"start":{"line":65,"column":33},"end":{"line":65,"column":82}},"43":{"start":{"line":68,"column":10},"end":{"line":68,"column":56}},"44":{"start":{"line":73,"column":6},"end":{"line":73,"column":58}},"45":{"start":{"line":78,"column":2},"end":{"line":95,"column":3}},"46":{"start":{"line":79,"column":4},"end":{"line":79,"column":77}},"47":{"start":{"line":81,"column":4},"end":{"line":81,"column":77}},"48":{"start":{"line":83,"column":4},"end":{"line":83,"column":73}},"49":{"start":{"line":85,"column":4},"end":{"line":86,"column":21}},"50":{"start":{"line":86,"column":6},"end":{"line":86,"column":21}},"51":{"start":{"line":88,"column":4},"end":{"line":88,"column":41}},"52":{"start":{"line":90,"column":4},"end":{"line":90,"column":43}},"53":{"start":{"line":91,"column":4},"end":{"line":94,"column":5}},"54":{"start":{"line":92,"column":6},"end":{"line":92,"column":31}},"55":{"start":{"line":93,"column":6},"end":{"line":93,"column":64}},"56":{"start":{"line":97,"column":2},"end":{"line":123,"column":3}},"57":{"start":{"line":98,"column":4},"end":{"line":98,"column":75}},"58":{"start":{"line":101,"column":4},"end":{"line":101,"column":71}},"59":{"start":{"line":103,"column":4},"end":{"line":103,"column":16}},"60":{"start":{"line":104,"column":4},"end":{"line":111,"column":5}},"61":{"start":{"line":105,"column":6},"end":{"line":105,"column":66}},"62":{"start":{"line":106,"column":6},"end":{"line":106,"column":82}},"63":{"start":{"line":107,"column":6},"end":{"line":107,"column":71}},"64":{"start":{"line":110,"column":6},"end":{"line":110,"column":35}},"65":{"start":{"line":114,"column":4},"end":{"line":114,"column":41}},"66":{"start":{"line":116,"column":4},"end":{"line":122,"column":5}},"67":{"start":{"line":117,"column":6},"end":{"line":117,"column":75}},"68":{"start":{"line":119,"column":6},"end":{"line":121,"column":9}},"69":{"start":{"line":120,"column":8},"end":{"line":120,"column":105}},"70":{"start":{"line":125,"column":2},"end":{"line":127,"column":4}}},"branchMap":{"1":{"line":25,"type":"if","locations":[{"start":{"line":25,"column":4},"end":{"line":25,"column":4}},{"start":{"line":25,"column":4},"end":{"line":25,"column":4}}]},"2":{"line":37,"type":"if","locations":[{"start":{"line":37,"column":4},"end":{"line":37,"column":4}},{"start":{"line":37,"column":4},"end":{"line":37,"column":4}}]},"3":{"line":38,"type":"binary-expr","locations":[{"start":{"line":38,"column":35},"end":{"line":38,"column":61}},{"start":{"line":38,"column":65},"end":{"line":38,"column":67}}]},"4":{"line":40,"type":"if","locations":[{"start":{"line":40,"column":8},"end":{"line":40,"column":8}},{"start":{"line":40,"column":8},"end":{"line":40,"column":8}}]},"5":{"line":41,"type":"binary-expr","locations":[{"start":{"line":41,"column":42},"end":{"line":41,"column":71}},{"start":{"line":41,"column":75},"end":{"line":41,"column":79}}]},"6":{"line":47,"type":"if","locations":[{"start":{"line":47,"column":8},"end":{"line":47,"column":8}},{"start":{"line":47,"column":8},"end":{"line":47,"column":8}}]},"7":{"line":49,"type":"if","locations":[{"start":{"line":49,"column":10},"end":{"line":49,"column":10}},{"start":{"line":49,"column":10},"end":{"line":49,"column":10}}]},"8":{"line":50,"type":"if","locations":[{"start":{"line":50,"column":12},"end":{"line":50,"column":12}},{"start":{"line":50,"column":12},"end":{"line":50,"column":12}}]},"9":{"line":58,"type":"if","locations":[{"start":{"line":58,"column":10},"end":{"line":58,"column":10}},{"start":{"line":58,"column":10},"end":{"line":58,"column":10}}]},"10":{"line":85,"type":"if","locations":[{"start":{"line":85,"column":4},"end":{"line":85,"column":4}},{"start":{"line":85,"column":4},"end":{"line":85,"column":4}}]},"11":{"line":91,"type":"if","locations":[{"start":{"line":91,"column":4},"end":{"line":91,"column":4}},{"start":{"line":91,"column":4},"end":{"line":91,"column":4}}]},"12":{"line":104,"type":"if","locations":[{"start":{"line":104,"column":4},"end":{"line":104,"column":4}},{"start":{"line":104,"column":4},"end":{"line":104,"column":4}}]},"13":{"line":105,"type":"binary-expr","locations":[{"start":{"line":105,"column":35},"end":{"line":105,"column":48}},{"start":{"line":105,"column":52},"end":{"line":105,"column":65}}]}}},"/Users/nem/code/thirdparties/gulp-sourcemaps/src/write/index.js":{"path":"/Users/nem/code/thirdparties/gulp-sourcemaps/src/write/index.js","s":{"1":1,"2":1,"3":1,"4":1,"5":1,"6":47,"7":47,"8":47,"9":47,"10":47,"11":47,"12":47,"13":47,"14":47,"15":47,"16":28,"17":28,"18":47,"19":47,"20":45,"21":47,"22":46,"23":47,"24":47,"25":47,"26":47,"27":47,"28":47,"29":47,"30":1,"31":49,"32":2,"33":2,"34":47,"35":1,"36":46,"37":46,"38":46,"39":46,"40":46,"41":46,"42":46,"43":47,"44":1},"b":{"1":[28,19],"2":[47,31],"3":[47,18],"4":[45,2],"5":[46,1],"6":[47,0],"7":[2,47],"8":[49,48],"9":[1,46]},"f":{"1":47,"2":47,"3":47,"4":47,"5":47,"6":47,"7":47,"8":49},"fnMap":{"1":{"name":"write","line":13,"loc":{"start":{"line":13,"column":0},"end":{"line":13,"column":34}}},"2":{"name":"(anonymous_2)","line":16,"loc":{"start":{"line":16,"column":8},"end":{"line":16,"column":19}}},"3":{"name":"(anonymous_3)","line":17,"loc":{"start":{"line":17,"column":8},"end":{"line":17,"column":19}}},"4":{"name":"(anonymous_4)","line":19,"loc":{"start":{"line":19,"column":8},"end":{"line":19,"column":19}}},"5":{"name":"(anonymous_5)","line":20,"loc":{"start":{"line":20,"column":8},"end":{"line":20,"column":19}}},"6":{"name":"(anonymous_6)","line":36,"loc":{"start":{"line":36,"column":8},"end":{"line":36,"column":19}}},"7":{"name":"(anonymous_7)","line":37,"loc":{"start":{"line":37,"column":8},"end":{"line":37,"column":19}}},"8":{"name":"sourceMapWrite","line":41,"loc":{"start":{"line":41,"column":2},"end":{"line":41,"column":52}}}},"statementMap":{"1":{"start":{"line":2,"column":0},"end":{"line":2,"column":32}},"2":{"start":{"line":3,"column":0},"end":{"line":3,"column":34}},"3":{"start":{"line":4,"column":0},"end":{"line":4,"column":40}},"4":{"start":{"line":5,"column":0},"end":{"line":5,"column":49}},"5":{"start":{"line":13,"column":0},"end":{"line":68,"column":1}},"6":{"start":{"line":14,"column":2},"end":{"line":14,"column":49}},"7":{"start":{"line":16,"column":2},"end":{"line":16,"column":43}},"8":{"start":{"line":16,"column":21},"end":{"line":16,"column":39}},"9":{"start":{"line":17,"column":2},"end":{"line":17,"column":41}},"10":{"start":{"line":17,"column":21},"end":{"line":17,"column":37}},"11":{"start":{"line":19,"column":2},"end":{"line":19,"column":50}},"12":{"start":{"line":19,"column":21},"end":{"line":19,"column":47}},"13":{"start":{"line":20,"column":2},"end":{"line":20,"column":40}},"14":{"start":{"line":20,"column":21},"end":{"line":20,"column":36}},"15":{"start":{"line":22,"column":2},"end":{"line":25,"column":3}},"16":{"start":{"line":23,"column":4},"end":{"line":23,"column":23}},"17":{"start":{"line":24,"column":4},"end":{"line":24,"column":25}},"18":{"start":{"line":26,"column":2},"end":{"line":26,"column":26}},"19":{"start":{"line":29,"column":2},"end":{"line":30,"column":34}},"20":{"start":{"line":30,"column":4},"end":{"line":30,"column":34}},"21":{"start":{"line":31,"column":2},"end":{"line":32,"column":30}},"22":{"start":{"line":32,"column":4},"end":{"line":32,"column":30}},"23":{"start":{"line":33,"column":2},"end":{"line":34,"column":29}},"24":{"start":{"line":34,"column":4},"end":{"line":34,"column":29}},"25":{"start":{"line":36,"column":2},"end":{"line":36,"column":51}},"26":{"start":{"line":36,"column":21},"end":{"line":36,"column":47}},"27":{"start":{"line":37,"column":2},"end":{"line":37,"column":40}},"28":{"start":{"line":37,"column":21},"end":{"line":37,"column":36}},"29":{"start":{"line":39,"column":2},"end":{"line":39,"column":51}},"30":{"start":{"line":41,"column":2},"end":{"line":63,"column":3}},"31":{"start":{"line":44,"column":4},"end":{"line":47,"column":5}},"32":{"start":{"line":45,"column":6},"end":{"line":45,"column":22}},"33":{"start":{"line":46,"column":6},"end":{"line":46,"column":24}},"34":{"start":{"line":49,"column":4},"end":{"line":51,"column":5}},"35":{"start":{"line":50,"column":6},"end":{"line":50,"column":88}},"36":{"start":{"line":54,"column":4},"end":{"line":54,"column":55}},"37":{"start":{"line":56,"column":4},"end":{"line":56,"column":34}},"38":{"start":{"line":57,"column":4},"end":{"line":57,"column":32}},"39":{"start":{"line":58,"column":4},"end":{"line":58,"column":31}},"40":{"start":{"line":59,"column":4},"end":{"line":59,"column":38}},"41":{"start":{"line":61,"column":4},"end":{"line":61,"column":20}},"42":{"start":{"line":62,"column":4},"end":{"line":62,"column":15}},"43":{"start":{"line":67,"column":2},"end":{"line":67,"column":37}},"44":{"start":{"line":70,"column":0},"end":{"line":70,"column":23}}},"branchMap":{"1":{"line":22,"type":"if","locations":[{"start":{"line":22,"column":2},"end":{"line":22,"column":2}},{"start":{"line":22,"column":2},"end":{"line":22,"column":2}}]},"2":{"line":22,"type":"binary-expr","locations":[{"start":{"line":22,"column":6},"end":{"line":22,"column":27}},{"start":{"line":22,"column":31},"end":{"line":22,"column":59}}]},"3":{"line":26,"type":"binary-expr","locations":[{"start":{"line":26,"column":12},"end":{"line":26,"column":19}},{"start":{"line":26,"column":23},"end":{"line":26,"column":25}}]},"4":{"line":29,"type":"if","locations":[{"start":{"line":29,"column":2},"end":{"line":29,"column":2}},{"start":{"line":29,"column":2},"end":{"line":29,"column":2}}]},"5":{"line":31,"type":"if","locations":[{"start":{"line":31,"column":2},"end":{"line":31,"column":2}},{"start":{"line":31,"column":2},"end":{"line":31,"column":2}}]},"6":{"line":33,"type":"if","locations":[{"start":{"line":33,"column":2},"end":{"line":33,"column":2}},{"start":{"line":33,"column":2},"end":{"line":33,"column":2}}]},"7":{"line":44,"type":"if","locations":[{"start":{"line":44,"column":4},"end":{"line":44,"column":4}},{"start":{"line":44,"column":4},"end":{"line":44,"column":4}}]},"8":{"line":44,"type":"binary-expr","locations":[{"start":{"line":44,"column":8},"end":{"line":44,"column":21}},{"start":{"line":44,"column":25},"end":{"line":44,"column":40}}]},"9":{"line":49,"type":"if","locations":[{"start":{"line":49,"column":4},"end":{"line":49,"column":4}},{"start":{"line":49,"column":4},"end":{"line":49,"column":4}}]}}},"/Users/nem/code/thirdparties/gulp-sourcemaps/src/write/index.internals.js":{"path":"/Users/nem/code/thirdparties/gulp-sourcemaps/src/write/index.internals.js","s":{"1":1,"2":47,"3":47,"4":47,"5":47,"6":47,"7":47,"8":47,"9":47,"10":47,"11":47,"12":1,"13":46,"14":46,"15":46,"16":2,"17":2,"18":2,"19":44,"20":44,"21":44,"22":46,"23":2,"24":2,"25":2,"26":1,"27":46,"28":46,"29":1,"30":1,"31":1,"32":1,"33":1,"34":1,"35":1,"36":45,"37":45,"38":45,"39":45,"40":45,"41":45,"42":45,"43":120,"44":120,"45":120,"46":3,"47":3,"48":3,"49":2,"50":2,"51":2,"52":1,"53":1,"54":1,"55":120,"56":1,"57":46,"58":46,"59":46,"60":44,"61":44,"62":119,"63":3,"64":3,"65":3,"66":3,"67":2,"68":2,"69":1,"70":46,"71":46,"72":46,"73":46,"74":25,"75":25,"76":21,"77":21,"78":1,"79":21,"80":21,"81":5,"82":5,"83":5,"84":5,"85":4,"86":1,"87":1,"88":16,"89":16,"90":6,"91":21,"92":21,"93":21,"94":21,"95":21,"96":1,"97":1,"98":1,"99":1,"100":1,"101":1,"102":1,"103":21,"104":21,"105":21,"106":5,"107":5,"108":4,"109":1,"110":5,"111":21,"112":21,"113":21,"114":21,"115":1,"116":1,"117":1,"118":46,"119":45,"120":47},"b":{"1":[2,44],"2":[2,44],"3":[1,45],"4":[46,1],"5":[3,117],"6":[2,1],"7":[44,2],"8":[44,3],"9":[3,116],"10":[25,21],"11":[46,21],"12":[1,20],"13":[21,1],"14":[5,16],"15":[4,1],"16":[1,0],"17":[1,1,1],"18":[6,10],"19":[16,15,5],"20":[21,21],"21":[5,16],"22":[4,1],"23":[1,20],"24":[21,1],"25":[45,1]},"f":{"1":47,"2":47,"3":47,"4":46,"5":2,"6":44,"7":2,"8":46,"9":1,"10":1,"11":1,"12":45,"13":45,"14":45,"15":120,"16":120,"17":3,"18":2,"19":1,"20":46,"21":46,"22":1,"23":1,"24":1,"25":1,"26":1,"27":1,"28":1,"29":21,"30":1},"fnMap":{"1":{"name":"(anonymous_1)","line":3,"loc":{"start":{"line":3,"column":17},"end":{"line":3,"column":45}}},"2":{"name":"(anonymous_2)","line":12,"loc":{"start":{"line":12,"column":12},"end":{"line":12,"column":23}}},"3":{"name":"(anonymous_3)","line":13,"loc":{"start":{"line":13,"column":12},"end":{"line":13,"column":23}}},"4":{"name":"setSourceRoot","line":15,"loc":{"start":{"line":15,"column":2},"end":{"line":15,"column":31}}},"5":{"name":"(anonymous_5)","line":20,"loc":{"start":{"line":20,"column":12},"end":{"line":20,"column":23}}},"6":{"name":"(anonymous_6)","line":23,"loc":{"start":{"line":23,"column":12},"end":{"line":23,"column":23}}},"7":{"name":"(anonymous_7)","line":27,"loc":{"start":{"line":27,"column":12},"end":{"line":27,"column":23}}},"8":{"name":"mapSources","line":32,"loc":{"start":{"line":32,"column":2},"end":{"line":32,"column":28}}},"9":{"name":"(anonymous_9)","line":37,"loc":{"start":{"line":37,"column":12},"end":{"line":37,"column":23}}},"10":{"name":"(anonymous_10)","line":38,"loc":{"start":{"line":38,"column":12},"end":{"line":38,"column":23}}},"11":{"name":"(anonymous_11)","line":40,"loc":{"start":{"line":40,"column":58},"end":{"line":40,"column":78}}},"12":{"name":"(anonymous_12)","line":46,"loc":{"start":{"line":46,"column":10},"end":{"line":46,"column":21}}},"13":{"name":"(anonymous_13)","line":47,"loc":{"start":{"line":47,"column":10},"end":{"line":47,"column":21}}},"14":{"name":"(anonymous_14)","line":48,"loc":{"start":{"line":48,"column":10},"end":{"line":48,"column":21}}},"15":{"name":"(anonymous_15)","line":50,"loc":{"start":{"line":50,"column":56},"end":{"line":50,"column":75}}},"16":{"name":"(anonymous_16)","line":52,"loc":{"start":{"line":52,"column":12},"end":{"line":52,"column":23}}},"17":{"name":"(anonymous_17)","line":55,"loc":{"start":{"line":55,"column":14},"end":{"line":55,"column":25}}},"18":{"name":"(anonymous_18)","line":58,"loc":{"start":{"line":58,"column":16},"end":{"line":58,"column":27}}},"19":{"name":"(anonymous_19)","line":61,"loc":{"start":{"line":61,"column":18},"end":{"line":61,"column":29}}},"20":{"name":"loadContent","line":69,"loc":{"start":{"line":69,"column":2},"end":{"line":69,"column":29}}},"21":{"name":"mapDestPath","line":94,"loc":{"start":{"line":94,"column":2},"end":{"line":94,"column":38}}},"22":{"name":"(anonymous_22)","line":137,"loc":{"start":{"line":137,"column":16},"end":{"line":137,"column":28}}},"23":{"name":"(anonymous_23)","line":138,"loc":{"start":{"line":138,"column":21},"end":{"line":138,"column":33}}},"24":{"name":"(anonymous_24)","line":139,"loc":{"start":{"line":139,"column":23},"end":{"line":139,"column":35}}},"25":{"name":"(anonymous_25)","line":140,"loc":{"start":{"line":140,"column":27},"end":{"line":140,"column":39}}},"26":{"name":"(anonymous_26)","line":141,"loc":{"start":{"line":141,"column":24},"end":{"line":141,"column":36}}},"27":{"name":"(anonymous_27)","line":142,"loc":{"start":{"line":142,"column":16},"end":{"line":142,"column":28}}},"28":{"name":"(anonymous_28)","line":143,"loc":{"start":{"line":143,"column":18},"end":{"line":143,"column":30}}},"29":{"name":"(anonymous_29)","line":158,"loc":{"start":{"line":158,"column":12},"end":{"line":158,"column":23}}},"30":{"name":"(anonymous_30)","line":162,"loc":{"start":{"line":162,"column":14},"end":{"line":162,"column":25}}}},"statementMap":{"1":{"start":{"line":3,"column":0},"end":{"line":179,"column":2}},"2":{"start":{"line":5,"column":2},"end":{"line":5,"column":34}},"3":{"start":{"line":6,"column":2},"end":{"line":6,"column":42}},"4":{"start":{"line":7,"column":2},"end":{"line":7,"column":34}},"5":{"start":{"line":8,"column":2},"end":{"line":8,"column":29}},"6":{"start":{"line":9,"column":2},"end":{"line":9,"column":45}},"7":{"start":{"line":10,"column":2},"end":{"line":10,"column":63}},"8":{"start":{"line":12,"column":2},"end":{"line":12,"column":46}},"9":{"start":{"line":12,"column":25},"end":{"line":12,"column":42}},"10":{"start":{"line":13,"column":2},"end":{"line":13,"column":44}},"11":{"start":{"line":13,"column":25},"end":{"line":13,"column":40}},"12":{"start":{"line":15,"column":2},"end":{"line":30,"column":3}},"13":{"start":{"line":16,"column":4},"end":{"line":16,"column":49}},"14":{"start":{"line":18,"column":4},"end":{"line":18,"column":35}},"15":{"start":{"line":19,"column":4},"end":{"line":25,"column":5}},"16":{"start":{"line":20,"column":6},"end":{"line":20,"column":50}},"17":{"start":{"line":20,"column":25},"end":{"line":20,"column":46}},"18":{"start":{"line":21,"column":6},"end":{"line":21,"column":54}},"19":{"start":{"line":23,"column":6},"end":{"line":23,"column":51}},"20":{"start":{"line":23,"column":25},"end":{"line":23,"column":47}},"21":{"start":{"line":24,"column":6},"end":{"line":24,"column":48}},"22":{"start":{"line":26,"column":4},"end":{"line":29,"column":5}},"23":{"start":{"line":27,"column":6},"end":{"line":27,"column":48}},"24":{"start":{"line":27,"column":25},"end":{"line":27,"column":44}},"25":{"start":{"line":28,"column":6},"end":{"line":28,"column":39}},"26":{"start":{"line":32,"column":2},"end":{"line":67,"column":3}},"27":{"start":{"line":33,"column":4},"end":{"line":33,"column":46}},"28":{"start":{"line":36,"column":4},"end":{"line":44,"column":5}},"29":{"start":{"line":37,"column":6},"end":{"line":37,"column":106}},"30":{"start":{"line":37,"column":25},"end":{"line":37,"column":102}},"31":{"start":{"line":38,"column":6},"end":{"line":38,"column":47}},"32":{"start":{"line":38,"column":25},"end":{"line":38,"column":43}},"33":{"start":{"line":40,"column":6},"end":{"line":42,"column":9}},"34":{"start":{"line":41,"column":8},"end":{"line":41,"column":50}},"35":{"start":{"line":43,"column":6},"end":{"line":43,"column":13}},"36":{"start":{"line":46,"column":4},"end":{"line":46,"column":60}},"37":{"start":{"line":46,"column":23},"end":{"line":46,"column":56}},"38":{"start":{"line":47,"column":4},"end":{"line":47,"column":58}},"39":{"start":{"line":47,"column":23},"end":{"line":47,"column":54}},"40":{"start":{"line":48,"column":4},"end":{"line":48,"column":60}},"41":{"start":{"line":48,"column":23},"end":{"line":48,"column":56}},"42":{"start":{"line":50,"column":4},"end":{"line":66,"column":7}},"43":{"start":{"line":52,"column":6},"end":{"line":52,"column":60}},"44":{"start":{"line":52,"column":25},"end":{"line":52,"column":56}},"45":{"start":{"line":54,"column":6},"end":{"line":64,"column":7}},"46":{"start":{"line":55,"column":8},"end":{"line":55,"column":59}},"47":{"start":{"line":55,"column":27},"end":{"line":55,"column":55}},"48":{"start":{"line":57,"column":8},"end":{"line":63,"column":9}},"49":{"start":{"line":58,"column":10},"end":{"line":58,"column":56}},"50":{"start":{"line":58,"column":29},"end":{"line":58,"column":52}},"51":{"start":{"line":59,"column":10},"end":{"line":59,"column":74}},"52":{"start":{"line":61,"column":12},"end":{"line":61,"column":74}},"53":{"start":{"line":61,"column":31},"end":{"line":61,"column":70}},"54":{"start":{"line":62,"column":12},"end":{"line":62,"column":82}},"55":{"start":{"line":65,"column":6},"end":{"line":65,"column":37}},"56":{"start":{"line":69,"column":2},"end":{"line":92,"column":3}},"57":{"start":{"line":70,"column":4},"end":{"line":70,"column":47}},"58":{"start":{"line":72,"column":4},"end":{"line":72,"column":35}},"59":{"start":{"line":73,"column":4},"end":{"line":91,"column":5}},"60":{"start":{"line":74,"column":6},"end":{"line":74,"column":64}},"61":{"start":{"line":77,"column":6},"end":{"line":88,"column":7}},"62":{"start":{"line":78,"column":8},"end":{"line":87,"column":9}},"63":{"start":{"line":79,"column":10},"end":{"line":79,"column":73}},"64":{"start":{"line":80,"column":10},"end":{"line":86,"column":11}},"65":{"start":{"line":81,"column":12},"end":{"line":81,"column":94}},"66":{"start":{"line":82,"column":12},"end":{"line":82,"column":88}},"67":{"start":{"line":85,"column":12},"end":{"line":85,"column":58}},"68":{"start":{"line":90,"column":6},"end":{"line":90,"column":38}},"69":{"start":{"line":94,"column":2},"end":{"line":171,"column":3}},"70":{"start":{"line":95,"column":4},"end":{"line":95,"column":47}},"71":{"start":{"line":96,"column":4},"end":{"line":96,"column":35}},"72":{"start":{"line":98,"column":4},"end":{"line":99,"column":57}},"73":{"start":{"line":101,"column":4},"end":{"line":165,"column":5}},"74":{"start":{"line":103,"column":6},"end":{"line":103,"column":79}},"75":{"start":{"line":104,"column":6},"end":{"line":104,"column":110}},"76":{"start":{"line":106,"column":6},"end":{"line":106,"column":64}},"77":{"start":{"line":108,"column":6},"end":{"line":110,"column":7}},"78":{"start":{"line":109,"column":8},"end":{"line":109,"column":43}},"79":{"start":{"line":112,"column":6},"end":{"line":112,"column":56}},"80":{"start":{"line":115,"column":6},"end":{"line":130,"column":7}},"81":{"start":{"line":116,"column":8},"end":{"line":116,"column":79}},"82":{"start":{"line":117,"column":8},"end":{"line":117,"column":80}},"83":{"start":{"line":118,"column":8},"end":{"line":118,"column":101}},"84":{"start":{"line":119,"column":8},"end":{"line":123,"column":9}},"85":{"start":{"line":120,"column":10},"end":{"line":120,"column":106}},"86":{"start":{"line":121,"column":15},"end":{"line":123,"column":9}},"87":{"start":{"line":122,"column":10},"end":{"line":122,"column":139}},"88":{"start":{"line":126,"column":8},"end":{"line":126,"column":94}},"89":{"start":{"line":127,"column":8},"end":{"line":129,"column":9}},"90":{"start":{"line":128,"column":10},"end":{"line":128,"column":135}},"91":{"start":{"line":132,"column":6},"end":{"line":132,"column":24}},"92":{"start":{"line":133,"column":6},"end":{"line":133,"column":80}},"93":{"start":{"line":134,"column":6},"end":{"line":134,"column":41}},"94":{"start":{"line":135,"column":6},"end":{"line":135,"column":69}},"95":{"start":{"line":136,"column":6},"end":{"line":144,"column":8}},"96":{"start":{"line":137,"column":30},"end":{"line":137,"column":42}},"97":{"start":{"line":138,"column":35},"end":{"line":138,"column":48}},"98":{"start":{"line":139,"column":37},"end":{"line":139,"column":50}},"99":{"start":{"line":140,"column":41},"end":{"line":140,"column":54}},"100":{"start":{"line":141,"column":38},"end":{"line":141,"column":51}},"101":{"start":{"line":142,"column":30},"end":{"line":142,"column":43}},"102":{"start":{"line":143,"column":32},"end":{"line":143,"column":45}},"103":{"start":{"line":145,"column":6},"end":{"line":145,"column":33}},"104":{"start":{"line":147,"column":6},"end":{"line":147,"column":88}},"105":{"start":{"line":149,"column":6},"end":{"line":157,"column":7}},"106":{"start":{"line":150,"column":8},"end":{"line":150,"column":24}},"107":{"start":{"line":151,"column":8},"end":{"line":155,"column":9}},"108":{"start":{"line":152,"column":10},"end":{"line":152,"column":56}},"109":{"start":{"line":154,"column":10},"end":{"line":154,"column":50}},"110":{"start":{"line":156,"column":8},"end":{"line":156,"column":79}},"111":{"start":{"line":158,"column":6},"end":{"line":158,"column":55}},"112":{"start":{"line":158,"column":25},"end":{"line":158,"column":51}},"113":{"start":{"line":159,"column":6},"end":{"line":159,"column":71}},"114":{"start":{"line":161,"column":6},"end":{"line":164,"column":7}},"115":{"start":{"line":162,"column":8},"end":{"line":162,"column":73}},"116":{"start":{"line":162,"column":27},"end":{"line":162,"column":69}},"117":{"start":{"line":163,"column":8},"end":{"line":163,"column":67}},"118":{"start":{"line":168,"column":4},"end":{"line":170,"column":5}},"119":{"start":{"line":169,"column":6},"end":{"line":169,"column":74}},"120":{"start":{"line":173,"column":2},"end":{"line":178,"column":4}}},"branchMap":{"1":{"line":19,"type":"if","locations":[{"start":{"line":19,"column":4},"end":{"line":19,"column":4}},{"start":{"line":19,"column":4},"end":{"line":19,"column":4}}]},"2":{"line":26,"type":"if","locations":[{"start":{"line":26,"column":4},"end":{"line":26,"column":4}},{"start":{"line":26,"column":4},"end":{"line":26,"column":4}}]},"3":{"line":36,"type":"if","locations":[{"start":{"line":36,"column":4},"end":{"line":36,"column":4}},{"start":{"line":36,"column":4},"end":{"line":36,"column":4}}]},"4":{"line":36,"type":"binary-expr","locations":[{"start":{"line":36,"column":8},"end":{"line":36,"column":26}},{"start":{"line":36,"column":30},"end":{"line":36,"column":70}}]},"5":{"line":54,"type":"if","locations":[{"start":{"line":54,"column":6},"end":{"line":54,"column":6}},{"start":{"line":54,"column":6},"end":{"line":54,"column":6}}]},"6":{"line":57,"type":"if","locations":[{"start":{"line":57,"column":8},"end":{"line":57,"column":8}},{"start":{"line":57,"column":8},"end":{"line":57,"column":8}}]},"7":{"line":73,"type":"if","locations":[{"start":{"line":73,"column":4},"end":{"line":73,"column":4}},{"start":{"line":73,"column":4},"end":{"line":73,"column":4}}]},"8":{"line":74,"type":"binary-expr","locations":[{"start":{"line":74,"column":33},"end":{"line":74,"column":57}},{"start":{"line":74,"column":61},"end":{"line":74,"column":63}}]},"9":{"line":78,"type":"if","locations":[{"start":{"line":78,"column":8},"end":{"line":78,"column":8}},{"start":{"line":78,"column":8},"end":{"line":78,"column":8}}]},"10":{"line":101,"type":"if","locations":[{"start":{"line":101,"column":4},"end":{"line":101,"column":4}},{"start":{"line":101,"column":4},"end":{"line":101,"column":4}}]},"11":{"line":101,"type":"binary-expr","locations":[{"start":{"line":101,"column":8},"end":{"line":101,"column":30}},{"start":{"line":101,"column":34},"end":{"line":101,"column":51}}]},"12":{"line":108,"type":"if","locations":[{"start":{"line":108,"column":6},"end":{"line":108,"column":6}},{"start":{"line":108,"column":6},"end":{"line":108,"column":6}}]},"13":{"line":108,"type":"binary-expr","locations":[{"start":{"line":108,"column":10},"end":{"line":108,"column":25}},{"start":{"line":108,"column":29},"end":{"line":108,"column":66}}]},"14":{"line":115,"type":"if","locations":[{"start":{"line":115,"column":6},"end":{"line":115,"column":6}},{"start":{"line":115,"column":6},"end":{"line":115,"column":6}}]},"15":{"line":119,"type":"if","locations":[{"start":{"line":119,"column":8},"end":{"line":119,"column":8}},{"start":{"line":119,"column":8},"end":{"line":119,"column":8}}]},"16":{"line":121,"type":"if","locations":[{"start":{"line":121,"column":15},"end":{"line":121,"column":15}},{"start":{"line":121,"column":15},"end":{"line":121,"column":15}}]},"17":{"line":121,"type":"binary-expr","locations":[{"start":{"line":121,"column":19},"end":{"line":121,"column":46}},{"start":{"line":121,"column":51},"end":{"line":121,"column":71}},{"start":{"line":121,"column":75},"end":{"line":121,"column":106}}]},"18":{"line":127,"type":"if","locations":[{"start":{"line":127,"column":8},"end":{"line":127,"column":8}},{"start":{"line":127,"column":8},"end":{"line":127,"column":8}}]},"19":{"line":127,"type":"binary-expr","locations":[{"start":{"line":127,"column":12},"end":{"line":127,"column":39}},{"start":{"line":127,"column":44},"end":{"line":127,"column":64}},{"start":{"line":127,"column":68},"end":{"line":127,"column":99}}]},"20":{"line":133,"type":"binary-expr","locations":[{"start":{"line":133,"column":33},"end":{"line":133,"column":46}},{"start":{"line":133,"column":50},"end":{"line":133,"column":78}}]},"21":{"line":149,"type":"if","locations":[{"start":{"line":149,"column":6},"end":{"line":149,"column":6}},{"start":{"line":149,"column":6},"end":{"line":149,"column":6}}]},"22":{"line":151,"type":"if","locations":[{"start":{"line":151,"column":8},"end":{"line":151,"column":8}},{"start":{"line":151,"column":8},"end":{"line":151,"column":8}}]},"23":{"line":161,"type":"if","locations":[{"start":{"line":161,"column":6},"end":{"line":161,"column":6}},{"start":{"line":161,"column":6},"end":{"line":161,"column":6}}]},"24":{"line":161,"type":"binary-expr","locations":[{"start":{"line":161,"column":10},"end":{"line":161,"column":34}},{"start":{"line":161,"column":38},"end":{"line":161,"column":84}}]},"25":{"line":168,"type":"if","locations":[{"start":{"line":168,"column":4},"end":{"line":168,"column":4}},{"start":{"line":168,"column":4},"end":{"line":168,"column":4}}]}}}}