TN:
SF:/Users/nem/code/thirdparties/gulp-sourcemaps/index.js
FNF:0
FNH:0
DA:3,1
LF:1
LH:1
BRF:0
BRH:0
end_of_record
TN:
SF:/Users/nem/code/thirdparties/gulp-sourcemaps/src/init/index.js
FN:14,init
FN:17,sourceMapInit
FN:33,(anonymous_3)
FN:49,(anonymous_4)
FN:50,(anonymous_5)
FN:79,(anonymous_6)
FN:82,(anonymous_7)
FN:87,logAst
FN:88,(anonymous_9)
FN:91,(anonymous_10)
FN:102,(anonymous_11)
FNF:11
FNH:11
FNDA:35,init
FNDA:44,sourceMapInit
FNDA:41,(anonymous_3)
FNDA:2,(anonymous_4)
FNDA:2,(anonymous_5)
FNDA:1,(anonymous_6)
FNDA:6,(anonymous_7)
FNDA:21,logAst
FNDA:21,(anonymous_9)
FNDA:21,(anonymous_10)
FNDA:4,(anonymous_11)
DA:2,1
DA:3,1
DA:4,1
DA:5,1
DA:6,1
DA:7,1
DA:8,1
DA:9,1
DA:14,1
DA:15,35
DA:17,1
DA:21,44
DA:22,2
DA:23,2
DA:26,42
DA:27,1
DA:30,41
DA:31,11
DA:33,41
DA:34,41
DA:37,41
DA:38,41
DA:39,41
DA:41,41
DA:42,21
DA:43,21
DA:44,21
DA:45,21
DA:48,41
DA:49,2
DA:50,2
DA:51,2
DA:53,2
DA:54,2
DA:55,2
DA:57,2
DA:58,1
DA:59,1
DA:60,16
DA:61,16
DA:62,1
DA:63,15
DA:68,15
DA:69,3
DA:71,15
DA:73,1
DA:74,1
DA:76,1
DA:77,1
DA:78,1
DA:79,1
DA:80,1
DA:82,1
DA:83,6
DA:84,3
DA:87,1
DA:88,21
DA:89,21
DA:91,21
DA:92,21
DA:96,6
DA:97,21
DA:98,21
DA:99,18
DA:100,1
DA:101,17
DA:102,4
DA:103,4
DA:105,4
DA:106,4
DA:112,1
DA:113,1
DA:114,1
DA:118,41
DA:120,21
DA:128,20
DA:129,17
DA:131,41
DA:132,41
DA:134,41
DA:135,41
DA:138,35
DA:141,1
LF:83
LH:83
BRDA:21,1,0,2
BRDA:21,1,1,42
BRDA:21,2,0,44
BRDA:21,2,1,43
BRDA:26,3,0,1
BRDA:26,3,1,41
BRDA:30,4,0,11
BRDA:30,4,1,30
BRDA:41,5,0,21
BRDA:41,5,1,20
BRDA:48,6,0,2
BRDA:48,6,1,39
BRDA:48,7,0,41
BRDA:48,7,1,23
BRDA:57,8,0,1
BRDA:57,8,1,1
BRDA:61,9,0,1
BRDA:61,9,1,15
BRDA:68,10,0,3
BRDA:68,10,1,12
BRDA:76,11,0,1
BRDA:76,11,1,0
BRDA:83,12,0,3
BRDA:83,12,1,3
BRDA:98,13,0,18
BRDA:98,13,1,3
BRDA:99,14,0,1
BRDA:99,14,1,17
BRDA:101,15,0,4
BRDA:101,15,1,13
BRDA:118,16,0,21
BRDA:118,16,1,20
BRDA:128,17,0,17
BRDA:128,17,1,3
BRDA:128,18,0,20
BRDA:128,18,1,20
BRF:36
BRH:35
end_of_record
TN:
SF:/Users/nem/code/thirdparties/gulp-sourcemaps/src/utils.js
FN:5,unixStylePath
FN:20,(anonymous_2)
FN:23,cssCommentFormatter
FN:26,jsCommentFormatter
FN:29,defaultFormatter
FN:35,(anonymous_6)
FN:44,(anonymous_7)
FN:51,(anonymous_8)
FN:57,(anonymous_9)
FN:59,(anonymous_10)
FN:64,(anonymous_11)
FNF:11
FNH:11
FNDA:306,unixStylePath
FNDA:37,(anonymous_2)
FNDA:3,cssCommentFormatter
FNDA:43,jsCommentFormatter
FNDA:1,defaultFormatter
FNDA:46,(anonymous_6)
FNDA:2,(anonymous_7)
FNDA:46,(anonymous_8)
FNDA:22,(anonymous_9)
FNDA:15,(anonymous_10)
FNDA:5,(anonymous_11)
DA:2,1
DA:5,1
DA:6,306
DA:9,1
DA:11,1
DA:13,1
DA:20,37
DA:22,1
DA:24,3
DA:27,43
DA:30,1
DA:35,1
DA:36,46
DA:40,46
DA:42,46
DA:43,2
DA:44,2
DA:45,2
DA:48,44
DA:51,46
DA:52,46
DA:54,46
DA:57,1
DA:58,22
DA:59,15
DA:60,15
DA:64,1
DA:65,5
DA:68,1
LF:29
LH:29
BRDA:38,1,0,46
BRDA:38,1,1,0
BRDA:42,2,0,2
BRDA:42,2,1,44
BRDA:43,3,0,2
BRDA:43,3,1,0
BRDA:48,4,0,44
BRDA:48,4,1,1
BRDA:58,5,0,15
BRDA:58,5,1,7
BRDA:65,6,0,5
BRDA:65,6,1,1
BRF:12
BRH:10
end_of_record
TN:
SF:/Users/nem/code/thirdparties/gulp-sourcemaps/src/debug.js
FNF:0
FNH:0
DA:1,1
LF:1
LH:1
BRF:0
BRH:0
end_of_record
TN:
SF:/Users/nem/code/thirdparties/gulp-sourcemaps/src/init/index.internals.js
FN:13,(anonymous_1)
FN:15,loadMaps
FN:33,_fixSources
FN:39,(anonymous_4)
FN:62,(anonymous_5)
FN:65,(anonymous_6)
FN:78,_getInlineSources
FN:97,_getFileSources
FN:119,(anonymous_9)
FNF:9
FNH:9
FNDA:41,(anonymous_1)
FNDA:21,loadMaps
FNDA:21,_fixSources
FNDA:24,(anonymous_4)
FNDA:4,(anonymous_5)
FNDA:2,(anonymous_6)
FNDA:21,_getInlineSources
FNDA:16,_getFileSources
FNDA:3,(anonymous_9)
DA:3,1
DA:4,1
DA:5,1
DA:6,1
DA:7,1
DA:8,1
DA:9,1
DA:10,1
DA:11,1
DA:13,1
DA:15,1
DA:17,21
DA:24,21
DA:25,21
DA:26,16
DA:28,21
DA:30,21
DA:33,1
DA:34,21
DA:37,21
DA:38,18
DA:39,18
DA:40,24
DA:41,1
DA:42,1
DA:44,23
DA:45,23
DA:47,23
DA:48,11
DA:49,11
DA:50,5
DA:51,1
DA:52,1
DA:54,4
DA:58,10
DA:59,6
DA:61,4
DA:62,4
DA:63,4
DA:65,2
DA:68,10
DA:73,18
DA:78,1
DA:79,21
DA:81,21
DA:83,21
DA:85,21
DA:86,16
DA:88,5
DA:90,5
DA:91,5
DA:92,5
DA:93,5
DA:97,1
DA:98,16
DA:101,16
DA:103,16
DA:104,16
DA:105,13
DA:106,13
DA:107,13
DA:110,3
DA:114,16
DA:116,16
DA:117,16
DA:119,3
DA:120,3
DA:125,41
LF:68
LH:68
BRDA:25,1,0,16
BRDA:25,1,1,5
BRDA:37,2,0,18
BRDA:37,2,1,3
BRDA:38,3,0,18
BRDA:38,3,1,7
BRDA:40,4,0,1
BRDA:40,4,1,23
BRDA:41,5,0,1
BRDA:41,5,1,1
BRDA:47,6,0,11
BRDA:47,6,1,12
BRDA:49,7,0,5
BRDA:49,7,1,6
BRDA:50,8,0,1
BRDA:50,8,1,4
BRDA:58,9,0,6
BRDA:58,9,1,4
BRDA:85,10,0,16
BRDA:85,10,1,5
BRDA:91,11,0,5
BRDA:91,11,1,0
BRDA:104,12,0,13
BRDA:104,12,1,3
BRDA:105,13,0,13
BRDA:105,13,1,4
BRF:26
BRH:25
end_of_record
TN:
SF:/Users/nem/code/thirdparties/gulp-sourcemaps/src/write/index.js
FN:13,write
FN:16,(anonymous_2)
FN:17,(anonymous_3)
FN:19,(anonymous_4)
FN:20,(anonymous_5)
FN:36,(anonymous_6)
FN:37,(anonymous_7)
FN:41,sourceMapWrite
FNF:8
FNH:8
FNDA:47,write
FNDA:47,(anonymous_2)
FNDA:47,(anonymous_3)
FNDA:47,(anonymous_4)
FNDA:47,(anonymous_5)
FNDA:47,(anonymous_6)
FNDA:47,(anonymous_7)
FNDA:49,sourceMapWrite
DA:2,1
DA:3,1
DA:4,1
DA:5,1
DA:13,1
DA:14,47
DA:16,47
DA:17,47
DA:19,47
DA:20,47
DA:22,47
DA:23,28
DA:24,28
DA:26,47
DA:29,47
DA:30,45
DA:31,47
DA:32,46
DA:33,47
DA:34,47
DA:36,47
DA:37,47
DA:39,47
DA:41,1
DA:44,49
DA:45,2
DA:46,2
DA:49,47
DA:50,1
DA:54,46
DA:56,46
DA:57,46
DA:58,46
DA:59,46
DA:61,46
DA:62,46
DA:67,47
DA:70,1
LF:38
LH:38
BRDA:22,1,0,28
BRDA:22,1,1,19
BRDA:22,2,0,47
BRDA:22,2,1,31
BRDA:26,3,0,47
BRDA:26,3,1,18
BRDA:29,4,0,45
BRDA:29,4,1,2
BRDA:31,5,0,46
BRDA:31,5,1,1
BRDA:33,6,0,47
BRDA:33,6,1,0
BRDA:44,7,0,2
BRDA:44,7,1,47
BRDA:44,8,0,49
BRDA:44,8,1,48
BRDA:49,9,0,1
BRDA:49,9,1,46
BRF:18
BRH:17
end_of_record
TN:
SF:/Users/nem/code/thirdparties/gulp-sourcemaps/src/write/index.internals.js
FN:3,(anonymous_1)
FN:12,(anonymous_2)
FN:13,(anonymous_3)
FN:15,setSourceRoot
FN:20,(anonymous_5)
FN:23,(anonymous_6)
FN:27,(anonymous_7)
FN:32,mapSources
FN:37,(anonymous_9)
FN:38,(anonymous_10)
FN:40,(anonymous_11)
FN:46,(anonymous_12)
FN:47,(anonymous_13)
FN:48,(anonymous_14)
FN:50,(anonymous_15)
FN:52,(anonymous_16)
FN:55,(anonymous_17)
FN:58,(anonymous_18)
FN:61,(anonymous_19)
FN:69,loadContent
FN:94,mapDestPath
FN:137,(anonymous_22)
FN:138,(anonymous_23)
FN:139,(anonymous_24)
FN:140,(anonymous_25)
FN:141,(anonymous_26)
FN:142,(anonymous_27)
FN:143,(anonymous_28)
FN:158,(anonymous_29)
FN:162,(anonymous_30)
FNF:30
FNH:30
FNDA:47,(anonymous_1)
FNDA:47,(anonymous_2)
FNDA:47,(anonymous_3)
FNDA:46,setSourceRoot
FNDA:2,(anonymous_5)
FNDA:44,(anonymous_6)
FNDA:2,(anonymous_7)
FNDA:46,mapSources
FNDA:1,(anonymous_9)
FNDA:1,(anonymous_10)
FNDA:1,(anonymous_11)
FNDA:45,(anonymous_12)
FNDA:45,(anonymous_13)
FNDA:45,(anonymous_14)
FNDA:120,(anonymous_15)
FNDA:120,(anonymous_16)
FNDA:3,(anonymous_17)
FNDA:2,(anonymous_18)
FNDA:1,(anonymous_19)
FNDA:46,loadContent
FNDA:46,mapDestPath
FNDA:1,(anonymous_22)
FNDA:1,(anonymous_23)
FNDA:1,(anonymous_24)
FNDA:1,(anonymous_25)
FNDA:1,(anonymous_26)
FNDA:1,(anonymous_27)
FNDA:1,(anonymous_28)
FNDA:21,(anonymous_29)
FNDA:1,(anonymous_30)
DA:3,1
DA:5,47
DA:6,47
DA:7,47
DA:8,47
DA:9,47
DA:10,47
DA:12,47
DA:13,47
DA:15,1
DA:16,46
DA:18,46
DA:19,46
DA:20,2
DA:21,2
DA:23,44
DA:24,44
DA:26,46
DA:27,2
DA:28,2
DA:32,1
DA:33,46
DA:36,46
DA:37,1
DA:38,1
DA:40,1
DA:41,1
DA:43,1
DA:46,45
DA:47,45
DA:48,45
DA:50,45
DA:52,120
DA:54,120
DA:55,3
DA:57,3
DA:58,2
DA:59,2
DA:61,1
DA:62,1
DA:65,120
DA:69,1
DA:70,46
DA:72,46
DA:73,46
DA:74,44
DA:77,44
DA:78,119
DA:79,3
DA:80,3
DA:81,3
DA:82,3
DA:85,2
DA:90,2
DA:94,1
DA:95,46
DA:96,46
DA:98,46
DA:101,46
DA:103,25
DA:104,25
DA:106,21
DA:108,21
DA:109,1
DA:112,21
DA:115,21
DA:116,5
DA:117,5
DA:118,5
DA:119,5
DA:120,4
DA:121,1
DA:122,1
DA:126,16
DA:127,16
DA:128,6
DA:132,21
DA:133,21
DA:134,21
DA:135,21
DA:136,21
DA:137,1
DA:138,1
DA:139,1
DA:140,1
DA:141,1
DA:142,1
DA:143,1
DA:145,21
DA:147,21
DA:149,21
DA:150,5
DA:151,5
DA:152,4
DA:154,1
DA:156,5
DA:158,21
DA:159,21
DA:161,21
DA:162,1
DA:163,1
DA:168,46
DA:169,45
DA:173,47
LF:104
LH:104
BRDA:19,1,0,2
BRDA:19,1,1,44
BRDA:26,2,0,2
BRDA:26,2,1,44
BRDA:36,3,0,1
BRDA:36,3,1,45
BRDA:36,4,0,46
BRDA:36,4,1,1
BRDA:54,5,0,3
BRDA:54,5,1,117
BRDA:57,6,0,2
BRDA:57,6,1,1
BRDA:73,7,0,44
BRDA:73,7,1,2
BRDA:74,8,0,44
BRDA:74,8,1,3
BRDA:78,9,0,3
BRDA:78,9,1,116
BRDA:101,10,0,25
BRDA:101,10,1,21
BRDA:101,11,0,46
BRDA:101,11,1,21
BRDA:108,12,0,1
BRDA:108,12,1,20
BRDA:108,13,0,21
BRDA:108,13,1,1
BRDA:115,14,0,5
BRDA:115,14,1,16
BRDA:119,15,0,4
BRDA:119,15,1,1
BRDA:121,16,0,1
BRDA:121,16,1,0
BRDA:121,17,0,1
BRDA:121,17,1,1
BRDA:121,17,2,1
BRDA:127,18,0,6
BRDA:127,18,1,10
BRDA:127,19,0,16
BRDA:127,19,1,15
BRDA:127,19,2,5
BRDA:133,20,0,21
BRDA:133,20,1,21
BRDA:149,21,0,5
BRDA:149,21,1,16
BRDA:151,22,0,4
BRDA:151,22,1,1
BRDA:161,23,0,1
BRDA:161,23,1,20
BRDA:161,24,0,21
BRDA:161,24,1,1
BRDA:168,25,0,45
BRDA:168,25,1,1
BRF:52
BRH:51
end_of_record
